
OpenSBI v0.4 (Jul  2 2019 11:53:53)
   ____                    _____ ____ _____
  / __ \                  / ____|  _ \_   _|
 | |  | |_ __   ___ _ __ | (___ | |_) || |
 | |  | | '_ \ / _ \ '_ \ \___ \|  _ < | |
 | |__| | |_) |  __/ | | |____) | |_) || |_
  \____/| .__/ \___|_| |_|_____/|____/_____|
        | |
        |_|

Platform Name          : QEMU Virt Machine
Platform HART Features : RV64ACDFIMSU
Platform Max HARTs     : 8
Current Hart           : 0
Firmware Base          : 0x80000000
Firmware Size          : 112 KB
Runtime SBI Version    : 0.1

PMP0: 0x0000000080000000-0x000000008001ffff (A)
PMP1: 0x0000000000000000-0xffffffffffffffff (A,R,W,X)
(THU.CST) os is loading ...

Special kernel symbols:
  entry  0xc0200032 (virtual)
  etext  0xc0206822 (virtual)
  edata  0xc02a82f8 (virtual)
  end    0xc02b385c (virtual)
Kernel executable memory footprint: 719KB
memory management: default_pmm_manager
physcial memory map:
  memory: 0x07e00000, [0x80200000, 0x87ffffff].
vapaofset is 18446744070488326144
check_alloc_page() succeeded!
check_pgdir() succeeded!
check_boot_pgdir() succeeded!
use SLOB allocator
kmalloc_init() succeeded!
check_vma_struct() succeeded!
Store/AMO page fault
page fault at 0x00000100: K/W
check_pgfault() succeeded!
check_vmm() succeeded.
SWAP: manager = fifo swap manager
BEGIN check_swap: count 1, total 31560
setup Page Table for vaddr 0X1000, so alloc a page
setup Page Table vaddr 0~4MB OVER!
set up init env for check_swap begin!
Store/AMO page fault
page fault at 0x00001000: K/W
Store/AMO page fault
page fault at 0x00002000: K/W
Store/AMO page fault
page fault at 0x00003000: K/W
Store/AMO page fault
page fault at 0x00004000: K/W
set up init env for check_swap over!
write Virt Page c in fifo_check_swap
write Virt Page a in fifo_check_swap
write Virt Page d in fifo_check_swap
write Virt Page b in fifo_check_swap
write Virt Page e in fifo_check_swap
Store/AMO page fault
page fault at 0x00005000: K/W
curr_ptr 0xffffffffc02c6ea8
swap_out: i 0, store page in vaddr 0x1000 to disk swap entry 2
write Virt Page b in fifo_check_swap
write Virt Page a in fifo_check_swap
Store/AMO page fault
page fault at 0x00001000: K/W
curr_ptr 0xffffffffc02c6ee8
swap_out: i 0, store page in vaddr 0x2000 to disk swap entry 3
swap_in: load disk swap entry 2 with swap_page in vadr 0x1000
write Virt Page b in fifo_check_swap
Store/AMO page fault
page fault at 0x00002000: K/W
curr_ptr 0xffffffffc02c6f28
swap_out: i 0, store page in vaddr 0x3000 to disk swap entry 4
swap_in: load disk swap entry 3 with swap_page in vadr 0x2000
write Virt Page c in fifo_check_swap
Store/AMO page fault
page fault at 0x00003000: K/W
curr_ptr 0xffffffffc02c6f68
swap_out: i 0, store page in vaddr 0x4000 to disk swap entry 5
swap_in: load disk swap entry 4 with swap_page in vadr 0x3000
write Virt Page d in fifo_check_swap
Store/AMO page fault
page fault at 0x00004000: K/W
curr_ptr 0xffffffffc02c6ea8
swap_out: i 0, store page in vaddr 0x5000 to disk swap entry 6
swap_in: load disk swap entry 5 with swap_page in vadr 0x4000
write Virt Page e in fifo_check_swap
Store/AMO page fault
page fault at 0x00005000: K/W
curr_ptr 0xffffffffc02c6ee8
swap_out: i 0, store page in vaddr 0x1000 to disk swap entry 2
swap_in: load disk swap entry 6 with swap_page in vadr 0x5000
write Virt Page a in fifo_check_swap
Load page fault
page fault at 0x00001000: K/R
curr_ptr 0xffffffffc02c6f28
swap_out: i 0, store page in vaddr 0x2000 to disk swap entry 3
swap_in: load disk swap entry 2 with swap_page in vadr 0x1000
check_swap() succeeded!
++ setup timer interrupts
kernel_execve: pid = 2, name = "forktest".
Breakpoint
Sharing the page 0xc04c3000
Sharing the page 0xc04c2000
Sharing the page 0xc04c1000
Sharing the page 0xc04be000
Sharing the page 0xc04bb000
Store/AMO page fault


COW：ptep 0x2012f81b, pte 0x1
, ptep, *ptepOriginal page: 0xc02c6f80, reference count: 2
Page reference count > 1, need to create a new page.
Copying from src_kvaddr: 0x0xffffffffc04be000 to dst_kvaddr: 0x0xffffffffc04cb000
Sharing the page 0xc04c3000
Sharing the page 0xc04c2000
Sharing the page 0xc04c1000
Sharing the page 0xc04cb000
Sharing the page 0xc04bb000
Store/AMO page fault


COW：ptep 0x20132c13, pte 0x1
, ptep, *ptepOriginal page: 0xc02c72c0, reference count: 2
Page reference count > 1, need to create a new page.
Copying from src_kvaddr: 0x0xffffffffc04cb000 to dst_kvaddr: 0x0xffffffffc04d3000
Sharing the page 0xc04c3000
Sharing the page 0xc04c2000
Sharing the page 0xc04c1000
Sharing the page 0xc04d3000
Sharing the page 0xc04bb000
Store/AMO page fault


COW：ptep 0x20134c13, pte 0x1
, ptep, *ptepOriginal page: 0xc02c74c0, reference count: 2
Page reference count > 1, need to create a new page.
Copying from src_kvaddr: 0x0xffffffffc04d3000 to dst_kvaddr: 0x0xffffffffc04db000
Sharing the page 0xc04c3000
Sharing the page 0xc04c2000
Sharing the page 0xc04c1000
Sharing the page 0xc04db000
Sharing the page 0xc04bb000
Store/AMO page fault


COW：ptep 0x20136c13, pte 0x1
, ptep, *ptepOriginal page: 0xc02c76c0, reference count: 2
Page reference count > 1, need to create a new page.
Copying from src_kvaddr: 0x0xffffffffc04db000 to dst_kvaddr: 0x0xffffffffc04e3000
Sharing the page 0xc04c3000
Sharing the page 0xc04c2000
Sharing the page 0xc04c1000
Sharing the page 0xc04e3000
Sharing the page 0xc04bb000
Store/AMO page fault


COW：ptep 0x20138c13, pte 0x1
, ptep, *ptepOriginal page: 0xc02c78c0, reference count: 2
Page reference count > 1, need to create a new page.
Copying from src_kvaddr: 0x0xffffffffc04e3000 to dst_kvaddr: 0x0xffffffffc04eb000
Sharing the page 0xc04c3000
Sharing the page 0xc04c2000
Sharing the page 0xc04c1000
Sharing the page 0xc04eb000
Sharing the page 0xc04bb000
Store/AMO page fault


COW：ptep 0x2013ac13, pte 0x1
, ptep, *ptepOriginal page: 0xc02c7ac0, reference count: 2
Page reference count > 1, need to create a new page.
Copying from src_kvaddr: 0x0xffffffffc04eb000 to dst_kvaddr: 0x0xffffffffc04f3000
Sharing the page 0xc04c3000
Sharing the page 0xc04c2000
Sharing the page 0xc04c1000
Sharing the page 0xc04f3000
Sharing the page 0xc04bb000
Store/AMO page fault


COW：ptep 0x2013cc13, pte 0x1
, ptep, *ptepOriginal page: 0xc02c7cc0, reference count: 2
Page reference count > 1, need to create a new page.
Copying from src_kvaddr: 0x0xffffffffc04f3000 to dst_kvaddr: 0x0xffffffffc04fb000
Sharing the page 0xc04c3000
Sharing the page 0xc04c2000
Sharing the page 0xc04c1000
Sharing the page 0xc04fb000
Sharing the page 0xc04bb000
Store/AMO page fault


COW：ptep 0x2013ec13, pte 0x1
, ptep, *ptepOriginal page: 0xc02c7ec0, reference count: 2
Page reference count > 1, need to create a new page.
Copying from src_kvaddr: 0x0xffffffffc04fb000 to dst_kvaddr: 0x0xffffffffc0503000
Sharing the page 0xc04c3000
Sharing the page 0xc04c2000
Sharing the page 0xc04c1000
Sharing the page 0xc0503000
Sharing the page 0xc04bb000
Store/AMO page fault


COW：ptep 0x20140c13, pte 0x1
, ptep, *ptepOriginal page: 0xc02c80c0, reference count: 2
Page reference count > 1, need to create a new page.
Copying from src_kvaddr: 0x0xffffffffc0503000 to dst_kvaddr: 0x0xffffffffc050b000
Sharing the page 0xc04c3000
Sharing the page 0xc04c2000
Sharing the page 0xc04c1000
Sharing the page 0xc050b000
Sharing the page 0xc04bb000
Store/AMO page fault


COW：ptep 0x20142c13, pte 0x1
, ptep, *ptepOriginal page: 0xc02c82c0, reference count: 2
Page reference count > 1, need to create a new page.
Copying from src_kvaddr: 0x0xffffffffc050b000 to dst_kvaddr: 0x0xffffffffc0513000
Sharing the page 0xc04c3000
Sharing the page 0xc04c2000
Sharing the page 0xc04c1000
Sharing the page 0xc0513000
Sharing the page 0xc04bb000
Store/AMO page fault


COW：ptep 0x20144c13, pte 0x1
, ptep, *ptepOriginal page: 0xc02c84c0, reference count: 2
Page reference count > 1, need to create a new page.
Copying from src_kvaddr: 0x0xffffffffc0513000 to dst_kvaddr: 0x0xffffffffc051b000
Sharing the page 0xc04c3000
Sharing the page 0xc04c2000
Sharing the page 0xc04c1000
Sharing the page 0xc051b000
Sharing the page 0xc04bb000
Store/AMO page fault


COW：ptep 0x20146c13, pte 0x1
, ptep, *ptepOriginal page: 0xc02c86c0, reference count: 2
Page reference count > 1, need to create a new page.
Copying from src_kvaddr: 0x0xffffffffc051b000 to dst_kvaddr: 0x0xffffffffc0523000
Sharing the page 0xc04c3000
Sharing the page 0xc04c2000
Sharing the page 0xc04c1000
Sharing the page 0xc0523000
Sharing the page 0xc04bb000
Store/AMO page fault


COW：ptep 0x20148c13, pte 0x1
, ptep, *ptepOriginal page: 0xc02c88c0, reference count: 2
Page reference count > 1, need to create a new page.
Copying from src_kvaddr: 0x0xffffffffc0523000 to dst_kvaddr: 0x0xffffffffc052b000
Sharing the page 0xc04c3000
Sharing the page 0xc04c2000
Sharing the page 0xc04c1000
Sharing the page 0xc052b000
Sharing the page 0xc04bb000
Store/AMO page fault


COW：ptep 0x2014ac13, pte 0x1
, ptep, *ptepOriginal page: 0xc02c8ac0, reference count: 2
Page reference count > 1, need to create a new page.
Copying from src_kvaddr: 0x0xffffffffc052b000 to dst_kvaddr: 0x0xffffffffc0533000
Sharing the page 0xc04c3000
Sharing the page 0xc04c2000
Sharing the page 0xc04c1000
Sharing the page 0xc0533000
Sharing the page 0xc04bb000
Store/AMO page fault


COW：ptep 0x2014cc13, pte 0x1
, ptep, *ptepOriginal page: 0xc02c8cc0, reference count: 2
Page reference count > 1, need to create a new page.
Copying from src_kvaddr: 0x0xffffffffc0533000 to dst_kvaddr: 0x0xffffffffc053c000
Sharing the page 0xc04c3000
Sharing the page 0xc04c2000
Sharing the page 0xc04c1000
Sharing the page 0xc053c000
Sharing the page 0xc04bb000
Store/AMO page fault


COW：ptep 0x2014f013, pte 0x1
, ptep, *ptepOriginal page: 0xc02c8f00, reference count: 2
Page reference count > 1, need to create a new page.
Copying from src_kvaddr: 0x0xffffffffc053c000 to dst_kvaddr: 0x0xffffffffc0544000
Sharing the page 0xc04c3000
Sharing the page 0xc04c2000
Sharing the page 0xc04c1000
Sharing the page 0xc0544000
Sharing the page 0xc04bb000
Store/AMO page fault


COW：ptep 0x20151013, pte 0x1
, ptep, *ptepOriginal page: 0xc02c9100, reference count: 2
Page reference count > 1, need to create a new page.
Copying from src_kvaddr: 0x0xffffffffc0544000 to dst_kvaddr: 0x0xffffffffc054c000
Sharing the page 0xc04c3000
Sharing the page 0xc04c2000
Sharing the page 0xc04c1000
Sharing the page 0xc054c000
Sharing the page 0xc04bb000
Store/AMO page fault


COW：ptep 0x20153013, pte 0x1
, ptep, *ptepOriginal page: 0xc02c9300, reference count: 2
Page reference count > 1, need to create a new page.
Copying from src_kvaddr: 0x0xffffffffc054c000 to dst_kvaddr: 0x0xffffffffc0554000
Sharing the page 0xc04c3000
Sharing the page 0xc04c2000
Sharing the page 0xc04c1000
Sharing the page 0xc0554000
Sharing the page 0xc04bb000
Store/AMO page fault


COW：ptep 0x20155013, pte 0x1
, ptep, *ptepOriginal page: 0xc02c9500, reference count: 2
Page reference count > 1, need to create a new page.
Copying from src_kvaddr: 0x0xffffffffc0554000 to dst_kvaddr: 0x0xffffffffc055c000
Sharing the page 0xc04c3000
Sharing the page 0xc04c2000
Sharing the page 0xc04c1000
Sharing the page 0xc055c000
Sharing the page 0xc04bb000
Store/AMO page fault


COW：ptep 0x20157013, pte 0x1
, ptep, *ptepOriginal page: 0xc02c9700, reference count: 2
Page reference count > 1, need to create a new page.
Copying from src_kvaddr: 0x0xffffffffc055c000 to dst_kvaddr: 0x0xffffffffc0564000
Sharing the page 0xc04c3000
Sharing the page 0xc04c2000
Sharing the page 0xc04c1000
Sharing the page 0xc0564000
Sharing the page 0xc04bb000
Store/AMO page fault


COW：ptep 0x20159013, pte 0x1
, ptep, *ptepOriginal page: 0xc02c9900, reference count: 2
Page reference count > 1, need to create a new page.
Copying from src_kvaddr: 0x0xffffffffc0564000 to dst_kvaddr: 0x0xffffffffc056c000
Sharing the page 0xc04c3000
Sharing the page 0xc04c2000
Sharing the page 0xc04c1000
Sharing the page 0xc056c000
Sharing the page 0xc04bb000
Store/AMO page fault


COW：ptep 0x2015b013, pte 0x1
, ptep, *ptepOriginal page: 0xc02c9b00, reference count: 2
Page reference count > 1, need to create a new page.
Copying from src_kvaddr: 0x0xffffffffc056c000 to dst_kvaddr: 0x0xffffffffc0574000
Sharing the page 0xc04c3000
Sharing the page 0xc04c2000
Sharing the page 0xc04c1000
Sharing the page 0xc0574000
Sharing the page 0xc04bb000
Store/AMO page fault


COW：ptep 0x2015d013, pte 0x1
, ptep, *ptepOriginal page: 0xc02c9d00, reference count: 2
Page reference count > 1, need to create a new page.
Copying from src_kvaddr: 0x0xffffffffc0574000 to dst_kvaddr: 0x0xffffffffc057d000
Sharing the page 0xc04c3000
Sharing the page 0xc04c2000
Sharing the page 0xc04c1000
Sharing the page 0xc057d000
Sharing the page 0xc04bb000
Store/AMO page fault


COW：ptep 0x2015f413, pte 0x1
, ptep, *ptepOriginal page: 0xc02c9f40, reference count: 2
Page reference count > 1, need to create a new page.
Copying from src_kvaddr: 0x0xffffffffc057d000 to dst_kvaddr: 0x0xffffffffc0585000
Sharing the page 0xc04c3000
Sharing the page 0xc04c2000
Sharing the page 0xc04c1000
Sharing the page 0xc0585000
Sharing the page 0xc04bb000
Store/AMO page fault


COW：ptep 0x20161413, pte 0x1
, ptep, *ptepOriginal page: 0xc02ca140, reference count: 2
Page reference count > 1, need to create a new page.
Copying from src_kvaddr: 0x0xffffffffc0585000 to dst_kvaddr: 0x0xffffffffc058d000
Sharing the page 0xc04c3000
Sharing the page 0xc04c2000
Sharing the page 0xc04c1000
Sharing the page 0xc058d000
Sharing the page 0xc04bb000
Store/AMO page fault


COW：ptep 0x20163413, pte 0x1
, ptep, *ptepOriginal page: 0xc02ca340, reference count: 2
Page reference count > 1, need to create a new page.
Copying from src_kvaddr: 0x0xffffffffc058d000 to dst_kvaddr: 0x0xffffffffc0595000
Sharing the page 0xc04c3000
Sharing the page 0xc04c2000
Sharing the page 0xc04c1000
Sharing the page 0xc0595000
Sharing the page 0xc04bb000
Store/AMO page fault


COW：ptep 0x20165413, pte 0x1
, ptep, *ptepOriginal page: 0xc02ca540, reference count: 2
Page reference count > 1, need to create a new page.
Copying from src_kvaddr: 0x0xffffffffc0595000 to dst_kvaddr: 0x0xffffffffc059d000
Sharing the page 0xc04c3000
Sharing the page 0xc04c2000
Sharing the page 0xc04c1000
Sharing the page 0xc059d000
Sharing the page 0xc04bb000
Store/AMO page fault


COW：ptep 0x20167413, pte 0x1
, ptep, *ptepOriginal page: 0xc02ca740, reference count: 2
Page reference count > 1, need to create a new page.
Copying from src_kvaddr: 0x0xffffffffc059d000 to dst_kvaddr: 0x0xffffffffc05a5000
Sharing the page 0xc04c3000
Sharing the page 0xc04c2000
Sharing the page 0xc04c1000
Sharing the page 0xc05a5000
Sharing the page 0xc04bb000
Store/AMO page fault


COW：ptep 0x20169413, pte 0x1
, ptep, *ptepOriginal page: 0xc02ca940, reference count: 2
Page reference count > 1, need to create a new page.
Copying from src_kvaddr: 0x0xffffffffc05a5000 to dst_kvaddr: 0x0xffffffffc05ad000
Sharing the page 0xc04c3000
Sharing the page 0xc04c2000
Sharing the page 0xc04c1000
Sharing the page 0xc05ad000
Sharing the page 0xc04bb000
Store/AMO page fault


COW：ptep 0x2016b413, pte 0x1
, ptep, *ptepOriginal page: 0xc02cab40, reference count: 2
Page reference count > 1, need to create a new page.
Copying from src_kvaddr: 0x0xffffffffc05ad000 to dst_kvaddr: 0x0xffffffffc05b5000
Sharing the page 0xc04c3000
Sharing the page 0xc04c2000
Sharing the page 0xc04c1000
Sharing the page 0xc05b5000
Sharing the page 0xc04bb000
Store/AMO page fault


COW：ptep 0x2016d413, pte 0x1
, ptep, *ptepOriginal page: 0xc02cad40, reference count: 2
Page reference count > 1, need to create a new page.
Copying from src_kvaddr: 0x0xffffffffc05b5000 to dst_kvaddr: 0x0xffffffffc05be000
Sharing the page 0xc04c3000
Sharing the page 0xc04c2000
Sharing the page 0xc04c1000
Sharing the page 0xc05be000
Sharing the page 0xc04bb000
Store/AMO page fault


COW：ptep 0x2016f813, pte 0x1
, ptep, *ptepOriginal page: 0xc02caf80, reference count: 2
Page reference count > 1, need to create a new page.
Copying from src_kvaddr: 0x0xffffffffc05be000 to dst_kvaddr: 0x0xffffffffc05c6000
I am child 31
Store/AMO page fault


COW：ptep 0x2016d413, pte 0x1
, ptep, *ptepOriginal page: 0xc02cad40, reference count: 1
Page reference count is 1, directly inserting page into page table.
Page inserted at address: 0x0x7ffff000
I am child 30
Store/AMO page fault


COW：ptep 0x2016b413, pte 0x1
, ptep, *ptepOriginal page: 0xc02cab40, reference count: 1
Page reference count is 1, directly inserting page into page table.
Page inserted at address: 0x0x7ffff000
I am child 29
Store/AMO page fault


COW：ptep 0x20169413, pte 0x1
, ptep, *ptepOriginal page: 0xc02ca940, reference count: 1
Page reference count is 1, directly inserting page into page table.
Page inserted at address: 0x0x7ffff000
I am child 28
Store/AMO page fault


COW：ptep 0x20167413, pte 0x1
, ptep, *ptepOriginal page: 0xc02ca740, reference count: 1
Page reference count is 1, directly inserting page into page table.
Page inserted at address: 0x0x7ffff000
I am child 27
Store/AMO page fault


COW：ptep 0x20165413, pte 0x1
, ptep, *ptepOriginal page: 0xc02ca540, reference count: 1
Page reference count is 1, directly inserting page into page table.
Page inserted at address: 0x0x7ffff000
I am child 26
Store/AMO page fault


COW：ptep 0x20163413, pte 0x1
, ptep, *ptepOriginal page: 0xc02ca340, reference count: 1
Page reference count is 1, directly inserting page into page table.
Page inserted at address: 0x0x7ffff000
I am child 25
Store/AMO page fault


COW：ptep 0x20161413, pte 0x1
, ptep, *ptepOriginal page: 0xc02ca140, reference count: 1
Page reference count is 1, directly inserting page into page table.
Page inserted at address: 0x0x7ffff000
I am child 24
Store/AMO page fault


COW：ptep 0x2015f413, pte 0x1
, ptep, *ptepOriginal page: 0xc02c9f40, reference count: 1
Page reference count is 1, directly inserting page into page table.
Page inserted at address: 0x0x7ffff000
I am child 23
Store/AMO page fault


COW：ptep 0x2015d013, pte 0x1
, ptep, *ptepOriginal page: 0xc02c9d00, reference count: 1
Page reference count is 1, directly inserting page into page table.
Page inserted at address: 0x0x7ffff000
I am child 22
Store/AMO page fault


COW：ptep 0x2015b013, pte 0x1
, ptep, *ptepOriginal page: 0xc02c9b00, reference count: 1
Page reference count is 1, directly inserting page into page table.
Page inserted at address: 0x0x7ffff000
I am child 21
Store/AMO page fault


COW：ptep 0x20159013, pte 0x1
, ptep, *ptepOriginal page: 0xc02c9900, reference count: 1
Page reference count is 1, directly inserting page into page table.
Page inserted at address: 0x0x7ffff000
I am child 20
Store/AMO page fault


COW：ptep 0x20157013, pte 0x1
, ptep, *ptepOriginal page: 0xc02c9700, reference count: 1
Page reference count is 1, directly inserting page into page table.
Page inserted at address: 0x0x7ffff000
I am child 19
Store/AMO page fault


COW：ptep 0x20155013, pte 0x1
, ptep, *ptepOriginal page: 0xc02c9500, reference count: 1
Page reference count is 1, directly inserting page into page table.
Page inserted at address: 0x0x7ffff000
I am child 18
Store/AMO page fault


COW：ptep 0x20153013, pte 0x1
, ptep, *ptepOriginal page: 0xc02c9300, reference count: 1
Page reference count is 1, directly inserting page into page table.
Page inserted at address: 0x0x7ffff000
I am child 17
Store/AMO page fault


COW：ptep 0x20151013, pte 0x1
, ptep, *ptepOriginal page: 0xc02c9100, reference count: 1
Page reference count is 1, directly inserting page into page table.
Page inserted at address: 0x0x7ffff000
I am child 16
Store/AMO page fault


COW：ptep 0x2014f013, pte 0x1
, ptep, *ptepOriginal page: 0xc02c8f00, reference count: 1
Page reference count is 1, directly inserting page into page table.
Page inserted at address: 0x0x7ffff000
I am child 15
Store/AMO page fault


COW：ptep 0x2014cc13, pte 0x1
, ptep, *ptepOriginal page: 0xc02c8cc0, reference count: 1
Page reference count is 1, directly inserting page into page table.
Page inserted at address: 0x0x7ffff000
I am child 14
Store/AMO page fault


COW：ptep 0x2014ac13, pte 0x1
, ptep, *ptepOriginal page: 0xc02c8ac0, reference count: 1
Page reference count is 1, directly inserting page into page table.
Page inserted at address: 0x0x7ffff000
I am child 13
Store/AMO page fault


COW：ptep 0x20148c13, pte 0x1
, ptep, *ptepOriginal page: 0xc02c88c0, reference count: 1
Page reference count is 1, directly inserting page into page table.
Page inserted at address: 0x0x7ffff000
I am child 12
Store/AMO page fault


COW：ptep 0x20146c13, pte 0x1
, ptep, *ptepOriginal page: 0xc02c86c0, reference count: 1
Page reference count is 1, directly inserting page into page table.
Page inserted at address: 0x0x7ffff000
I am child 11
Store/AMO page fault


COW：ptep 0x20144c13, pte 0x1
, ptep, *ptepOriginal page: 0xc02c84c0, reference count: 1
Page reference count is 1, directly inserting page into page table.
Page inserted at address: 0x0x7ffff000
I am child 10
Store/AMO page fault


COW：ptep 0x20142c13, pte 0x1
, ptep, *ptepOriginal page: 0xc02c82c0, reference count: 1
Page reference count is 1, directly inserting page into page table.
Page inserted at address: 0x0x7ffff000
I am child 9
Store/AMO page fault


COW：ptep 0x20140c13, pte 0x1
, ptep, *ptepOriginal page: 0xc02c80c0, reference count: 1
Page reference count is 1, directly inserting page into page table.
Page inserted at address: 0x0x7ffff000
I am child 8
Store/AMO page fault


COW：ptep 0x2013ec13, pte 0x1
, ptep, *ptepOriginal page: 0xc02c7ec0, reference count: 1
Page reference count is 1, directly inserting page into page table.
Page inserted at address: 0x0x7ffff000
I am child 7
Store/AMO page fault


COW：ptep 0x2013cc13, pte 0x1
, ptep, *ptepOriginal page: 0xc02c7cc0, reference count: 1
Page reference count is 1, directly inserting page into page table.
Page inserted at address: 0x0x7ffff000
I am child 6
Store/AMO page fault


COW：ptep 0x2013ac13, pte 0x1
, ptep, *ptepOriginal page: 0xc02c7ac0, reference count: 1
Page reference count is 1, directly inserting page into page table.
Page inserted at address: 0x0x7ffff000
I am child 5
Store/AMO page fault


COW：ptep 0x20138c13, pte 0x1
, ptep, *ptepOriginal page: 0xc02c78c0, reference count: 1
Page reference count is 1, directly inserting page into page table.
Page inserted at address: 0x0x7ffff000
I am child 4
Store/AMO page fault


COW：ptep 0x20136c13, pte 0x1
, ptep, *ptepOriginal page: 0xc02c76c0, reference count: 1
Page reference count is 1, directly inserting page into page table.
Page inserted at address: 0x0x7ffff000
I am child 3
Store/AMO page fault


COW：ptep 0x20134c13, pte 0x1
, ptep, *ptepOriginal page: 0xc02c74c0, reference count: 1
Page reference count is 1, directly inserting page into page table.
Page inserted at address: 0x0x7ffff000
I am child 2
Store/AMO page fault


COW：ptep 0x20132c13, pte 0x1
, ptep, *ptepOriginal page: 0xc02c72c0, reference count: 1
Page reference count is 1, directly inserting page into page table.
Page inserted at address: 0x0x7ffff000
I am child 1
Store/AMO page fault


COW：ptep 0x2012f81b, pte 0x1
, ptep, *ptepOriginal page: 0xc02c6f80, reference count: 1
Page reference count is 1, directly inserting page into page table.
Page inserted at address: 0x0x7ffff000
I am child 0
forktest pass.
all user-mode processes have quit.
init check memory pass.
kernel panic at kern/process/proc.c:483:
    initproc exit.

