
OpenSBI v0.4 (Jul  2 2019 11:53:53)
   ____                    _____ ____ _____
  / __ \                  / ____|  _ \_   _|
 | |  | |_ __   ___ _ __ | (___ | |_) || |
 | |  | | '_ \ / _ \ '_ \ \___ \|  _ < | |
 | |__| | |_) |  __/ | | |____) | |_) || |_
  \____/| .__/ \___|_| |_|_____/|____/_____|
        | |
        |_|

Platform Name          : QEMU Virt Machine
Platform HART Features : RV64ACDFIMSU
Platform Max HARTs     : 8
Current Hart           : 0
Firmware Base          : 0x80000000
Firmware Size          : 112 KB
Runtime SBI Version    : 0.1

PMP0: 0x0000000080000000-0x000000008001ffff (A)
PMP1: 0x0000000000000000-0xffffffffffffffff (A,R,W,X)
(THU.CST) os is loading ...

Special kernel symbols:
  entry  0xc0200032 (virtual)
  etext  0xc02045d6 (virtual)
  edata  0xc020a040 (virtual)
  end    0xc0211574 (virtual)
Kernel executable memory footprint: 70KB
memory management: default_pmm_manager
membegin 80200000 memend 88000000 mem_size 7e00000
physcial memory map:
  memory: 0x07e00000, [0x80200000, 0x87ffffff].
check_alloc_page() succeeded!
check_pgdir() succeeded!
check_boot_pgdir() succeeded!
check_vma_struct() succeeded!
Store/AMO page fault
page fault at 0x00000100: K/W
check_pgfault() succeeded!
check_vmm() succeeded.
SWAP: manager = lru swap manager
BEGIN check_swap: count 2, total 31661
setup Page Table for vaddr 0X1000, so alloc a page
setup Page Table vaddr 0~4MB OVER!
set up init env for check_swap begin!
Store/AMO page fault
page fault at 0x00001000: K/W
Store/AMO page fault
page fault at 0x00002000: K/W
Store/AMO page fault
page fault at 0x00003000: K/W
Store/AMO page fault
page fault at 0x00004000: K/W
set up init env for check_swap over!
--------begin----------
vaddr: 0x4000
vaddr: 0x3000
vaddr: 0x2000
vaddr: 0x1000
---------end-----------
write Virt Page c in lru_check_swap
--------begin----------
vaddr: 0x4000
vaddr: 0x3000
vaddr: 0x2000
vaddr: 0x1000
---------end-----------
write Virt Page a in lru_check_swap
--------begin----------
vaddr: 0x4000
vaddr: 0x3000
vaddr: 0x2000
vaddr: 0x1000
---------end-----------
write Virt Page b in lru_check_swap
--------begin----------
vaddr: 0x4000
vaddr: 0x3000
vaddr: 0x2000
vaddr: 0x1000
---------end-----------
write Virt Page e in lru_check_swap
Store/AMO page fault
page fault at 0x00005000: K/W
curr_ptr 0xffffffffc02258a8
swap_out: i 0, store page in vaddr 0x1000 to disk swap entry 2
--------begin----------
vaddr: 0x5000
vaddr: 0x4000
vaddr: 0x3000
vaddr: 0x2000
---------end-----------
write Virt Page b in lru_check_swap
--------begin----------
vaddr: 0x5000
vaddr: 0x4000
vaddr: 0x3000
vaddr: 0x2000
---------end-----------
write Virt Page a in lru_check_swap
Store/AMO page fault
page fault at 0x00001000: K/W
curr_ptr 0xffffffffc02258f0
swap_out: i 0, store page in vaddr 0x2000 to disk swap entry 3
swap_in: load disk swap entry 2 with swap_page in vadr 0x1000
--------begin----------
vaddr: 0x1000
vaddr: 0x5000
vaddr: 0x4000
vaddr: 0x3000
---------end-----------
write Virt Page b in lru_check_swap
Store/AMO page fault
page fault at 0x00002000: K/W
curr_ptr 0xffffffffc0225938
swap_out: i 0, store page in vaddr 0x3000 to disk swap entry 4
swap_in: load disk swap entry 3 with swap_page in vadr 0x2000
--------begin----------
vaddr: 0x2000
vaddr: 0x1000
vaddr: 0x5000
vaddr: 0x4000
---------end-----------
write Virt Page c in lru_check_swap
Store/AMO page fault
page fault at 0x00003000: K/W
curr_ptr 0xffffffffc0225980
swap_out: i 0, store page in vaddr 0x4000 to disk swap entry 5
swap_in: load disk swap entry 4 with swap_page in vadr 0x3000
--------begin----------
vaddr: 0x3000
vaddr: 0x2000
vaddr: 0x1000
vaddr: 0x5000
---------end-----------
write Virt Page d in lru_check_swap
Store/AMO page fault
page fault at 0x00004000: K/W
curr_ptr 0xffffffffc02258a8
swap_out: i 0, store page in vaddr 0x5000 to disk swap entry 6
swap_in: load disk swap entry 5 with swap_page in vadr 0x4000
--------begin----------
vaddr: 0x4000
vaddr: 0x3000
vaddr: 0x2000
vaddr: 0x1000
---------end-----------
write Virt Page e in lru_check_swap
Store/AMO page fault
page fault at 0x00005000: K/W
curr_ptr 0xffffffffc02258f0
swap_out: i 0, store page in vaddr 0x1000 to disk swap entry 2
swap_in: load disk swap entry 6 with swap_page in vadr 0x5000
--------begin----------
vaddr: 0x5000
vaddr: 0x4000
vaddr: 0x3000
vaddr: 0x2000
---------end-----------
write Virt Page a in lru_check_swap
Load page fault
page fault at 0x00001000: K/R
curr_ptr 0xffffffffc0225938
swap_out: i 0, store page in vaddr 0x2000 to disk swap entry 3
swap_in: load disk swap entry 2 with swap_page in vadr 0x1000
--------begin----------
vaddr: 0x1000
vaddr: 0x5000
vaddr: 0x4000
vaddr: 0x3000
---------end-----------
count is 1, total is 8
check_swap() succeeded!
++ setup timer interrupts
100 ticks
_lru_tick_event is called!
100 ticks
_lru_tick_event is called!
100 ticks
_lru_tick_event is called!
100 ticks
_lru_tick_event is called!
100 ticks
_lru_tick_event is called!
100 ticks
_lru_tick_event is called!
100 ticks
_lru_tick_event is called!
100 ticks
_lru_tick_event is called!
100 ticks
_lru_tick_event is called!
100 ticks
_lru_tick_event is called!
100 ticks
_lru_tick_event is called!
100 ticks
_lru_tick_event is called!
100 ticks
_lru_tick_event is called!
100 ticks
_lru_tick_event is called!
100 ticks
_lru_tick_event is called!
100 ticks
_lru_tick_event is called!
100 ticks
_lru_tick_event is called!
100 ticks
_lru_tick_event is called!
100 ticks
_lru_tick_event is called!
100 ticks
_lru_tick_event is called!
100 ticks
_lru_tick_event is called!
100 ticks
_lru_tick_event is called!
100 ticks
_lru_tick_event is called!
100 ticks
_lru_tick_event is called!
100 ticks
_lru_tick_event is called!
100 ticks
_lru_tick_event is called!
100 ticks
_lru_tick_event is called!
100 ticks
_lru_tick_event is called!
100 ticks
_lru_tick_event is called!
